[11/17/2025, 2:30:07 PM] info: GET /ClientImages/null
[11/17/2025, 2:30:07 PM] info: GET /ProfileImages/null
[11/17/2025, 2:30:27 PM] info: POST /register/logins
[11/17/2025, 2:30:28 PM] info: login user/id=11
[11/17/2025, 2:30:29 PM] info: GET /bookingdetails/gettoecontaine/11/4
[11/17/2025, 2:30:29 PM] info: GET /bookingdetails/getforcontaine/11/4
[11/17/2025, 2:30:29 PM] info: Clients
[11/17/2025, 2:30:29 PM] info: Clients
[11/17/2025, 2:30:29 PM] info: GET /VehicleInformation/mapdetails/11/4
[11/17/2025, 2:30:29 PM] info: GET /ClientImages/download.png
[11/17/2025, 2:30:29 PM] info: map
[11/17/2025, 3:01:13 PM] info: GET /ClientImages/download.png
[11/17/2025, 3:01:13 PM] info: GET /bookingdetails/gettoecontaine/11/4
[11/17/2025, 3:01:13 PM] info: GET /bookingdetails/getforcontaine/11/4
[11/17/2025, 3:01:13 PM] info: GET /VehicleInformation/mapdetails/11/4
[11/17/2025, 3:01:13 PM] info: GET /ProfileImages/null
[11/17/2025, 3:01:15 PM] info: Clients
[11/17/2025, 3:01:15 PM] info: Clients
[11/17/2025, 3:01:15 PM] info: map
[11/17/2025, 3:01:20 PM] info: GET /ClientImages/download.png
[11/17/2025, 3:01:20 PM] info: GET /bookingdetails/gettoecontaine/11/4
[11/17/2025, 3:01:20 PM] info: GET /bookingdetails/getforcontaine/11/4
[11/17/2025, 3:01:20 PM] info: GET /VehicleInformation/mapdetails/11/4
[11/17/2025, 3:01:20 PM] info: GET /ProfileImages/null
[11/17/2025, 3:01:20 PM] info: map
[11/17/2025, 3:01:20 PM] info: Clients
[11/17/2025, 3:01:20 PM] info: Clients
[11/17/2025, 3:40:31 PM] info: GET /ClientImages/null
[11/17/2025, 3:40:32 PM] info: GET /ProfileImages/null
[11/17/2025, 3:40:39 PM] info: POST /register/logins
[11/17/2025, 3:40:40 PM] info: login user/id=11
[11/17/2025, 3:40:40 PM] info: GET /bookingdetails/gettoecontaine/11/4
[11/17/2025, 3:40:40 PM] info: GET /bookingdetails/getforcontaine/11/4
[11/17/2025, 3:40:40 PM] info: Clients
[11/17/2025, 3:40:40 PM] info: Clients
[11/17/2025, 3:40:40 PM] info: GET /VehicleInformation/mapdetails/11/4
[11/17/2025, 3:40:40 PM] info: map
[11/17/2025, 3:40:41 PM] info: GET /ClientImages/download.png
[11/17/2025, 5:00:19 PM] info: GET /ClientImages/null
[11/17/2025, 5:00:19 PM] info: GET /ProfileImages/null
[11/17/2025, 5:00:32 PM] info: POST /register/logins
[11/17/2025, 5:00:33 PM] info: login user/id=9
[11/17/2025, 5:00:34 PM] info: GET /bookingdetails/gettoecontaine/9/3
[11/17/2025, 5:00:34 PM] info: GET /bookingdetails/getforcontaine/9/3
[11/17/2025, 5:00:34 PM] info: GET /VehicleInformation/mapdetails/9/3
[11/17/2025, 5:00:34 PM] info: Clients
[11/17/2025, 5:00:34 PM] info: Clients
[11/17/2025, 5:00:34 PM] info: GET /ClientImages/download.png
[11/17/2025, 5:00:34 PM] info: map
[11/17/2025, 5:01:02 PM] info: GET /userdetails/Approval/3/ClientDetails
[11/17/2025, 5:01:02 PM] info: GET /clientdetails/allget/9/3
[11/17/2025, 5:01:02 PM] info: Userdetails
[11/17/2025, 5:01:02 PM] info: Clientdetails
[11/17/2025, 5:01:45 PM] info: GET /clientdetails/getupdate/15
[11/17/2025, 5:01:45 PM] info: getCompanydetails
[11/17/2025, 5:01:45 PM] info: GET /clientdetails/CheckEmailExists?email=chennai@oceanustransports.com
[11/17/2025, 5:01:45 PM] info: GET /clientdetails/getcountry
[11/17/2025, 5:01:45 PM] info: GET /clientdetails/getstate
[11/17/2025, 5:01:45 PM] info: GET /clientdetails/getbusiness
[11/17/2025, 5:01:45 PM] info: Email validation check executed successfully
[11/17/2025, 5:01:45 PM] info: GET /bookingdetails/getcustomer/9/3
[11/17/2025, 5:01:45 PM] info: Country
[11/17/2025, 5:01:45 PM] info: Country
[11/17/2025, 5:01:45 PM] info: Business
[11/17/2025, 5:01:45 PM] info: Clients
[11/17/2025, 5:01:48 PM] info: GET /userdetails/Approval/3/ClientDetails
[11/17/2025, 5:01:48 PM] info: GET /clientdetails/allget/9/3
[11/17/2025, 5:01:48 PM] info: Userdetails
[11/17/2025, 5:01:48 PM] info: Clientdetails
[11/17/2025, 5:02:13 PM] info: GET /ClientImages/null
[11/17/2025, 5:02:16 PM] info: POST /register/logins
[11/17/2025, 5:02:17 PM] info: login user/id=10
[11/17/2025, 5:02:17 PM] info: GET /bookingdetails/gettoecontaine/10/7
[11/17/2025, 5:02:17 PM] info: GET /bookingdetails/getforcontaine/10/7
[11/17/2025, 5:02:17 PM] info: GET /VehicleInformation/mapdetails/10/7
[11/17/2025, 5:02:17 PM] info: Clients
[11/17/2025, 5:02:17 PM] info: Clients
[11/17/2025, 5:02:17 PM] info: map
[11/17/2025, 5:02:23 PM] info: GET /AdminDashboard/getclientcount/
[11/17/2025, 5:02:23 PM] info: GET /AdminDashboard/getclienttotalcount/
[11/17/2025, 5:02:23 PM] info: GET /AdminDashboard/getactiveclients/
[11/17/2025, 5:02:24 PM] info: Clients
[11/17/2025, 5:02:24 PM] info: Clients
[11/17/2025, 5:02:25 PM] info: GET /bookingdetails/gettoecontaine/10/7
[11/17/2025, 5:02:25 PM] info: GET /bookingdetails/getforcontaine/10/7
[11/17/2025, 5:02:25 PM] info: GET /VehicleInformation/mapdetails/10/7
[11/17/2025, 5:02:25 PM] info: Clients
[11/17/2025, 5:02:25 PM] info: Clients
[11/17/2025, 5:02:25 PM] info: map
[11/17/2025, 5:02:34 PM] info: GET /userdetails/Approval/7/ClientDetails
[11/17/2025, 5:02:34 PM] info: GET /clientdetails/allget/10/7
[11/17/2025, 5:02:34 PM] info: Userdetails
[11/17/2025, 5:02:34 PM] info: Clientdetails
[11/17/2025, 5:02:38 PM] info: GET /userdetails/Approval/7/BookingDetails
[11/17/2025, 5:02:38 PM] info: GET /bookingExports/getall/10/7
[11/17/2025, 5:02:38 PM] info: GET /bookingExports/allbooked/10/7
[11/17/2025, 5:02:38 PM] info: GET /Importbookings/getall/10/7
[11/17/2025, 5:02:38 PM] info: GET /Importbookings/allbooked/10/7
[11/17/2025, 5:02:38 PM] info: Userdetails
[11/17/2025, 5:02:38 PM] info: Clients
[11/17/2025, 5:02:38 PM] info: Clients
[11/17/2025, 5:02:38 PM] info: Clients
[11/17/2025, 5:02:38 PM] info: Clients
[11/17/2025, 5:02:51 PM] info: GET /bookingExports/1
[11/17/2025, 5:02:53 PM] info: /getBooking: Success
[11/17/2025, 5:02:53 PM] info: GET /ExportMilestone/container/1
[11/17/2025, 5:02:53 PM] info: GET /bookingdetails/getcustomer/10/7
[11/17/2025, 5:02:53 PM] info: GET /bookingdetails/getvendordata/10
[11/17/2025, 5:02:53 PM] info: GET /bookingdetails/getshiperdata/10
[11/17/2025, 5:02:53 PM] info: GET /bookingdetails/getgenerel/10
[11/17/2025, 5:02:53 PM] info: GET /bookingdetails/pointofclear/10
[11/17/2025, 5:02:53 PM] info: Clients
[11/17/2025, 5:02:53 PM] info: generalType
[11/17/2025, 5:02:53 PM] info: GET /invoicedetails/getportofloading/10
[11/17/2025, 5:02:53 PM] info: GET /bookingdetails/getMile
[11/17/2025, 5:02:53 PM] info: generalType
[11/17/2025, 5:02:53 PM] info: generalType
[11/17/2025, 5:02:53 PM] info: generalType
[11/17/2025, 5:02:53 PM] info: Clients
[11/17/2025, 5:02:53 PM] info: Clients
[11/17/2025, 5:02:54 PM] info: Booking
[11/17/2025, 5:03:09 PM] info: GET /userdetails/Approval/7/BookingDetails
[11/17/2025, 5:03:09 PM] info: GET /bookingExports/getall/10/7
[11/17/2025, 5:03:09 PM] info: GET /bookingExports/allbooked/10/7
[11/17/2025, 5:03:09 PM] info: GET /Importbookings/getall/10/7
[11/17/2025, 5:03:09 PM] info: GET /Importbookings/allbooked/10/7
[11/17/2025, 5:03:10 PM] info: Clients
[11/17/2025, 5:03:10 PM] info: Userdetails
[11/17/2025, 5:03:10 PM] info: Clients
[11/17/2025, 5:03:10 PM] info: Clients
[11/17/2025, 5:03:10 PM] info: Clients
[11/17/2025, 5:03:18 PM] info: GET /ClientImages/null
[11/17/2025, 5:03:28 PM] info: POST /register/logins
[11/17/2025, 5:03:29 PM] info: login user/id=11
[11/17/2025, 5:03:29 PM] info: GET /bookingdetails/gettoecontaine/11/4
[11/17/2025, 5:03:29 PM] info: GET /bookingdetails/getforcontaine/11/4
[11/17/2025, 5:03:29 PM] info: GET /VehicleInformation/mapdetails/11/4
[11/17/2025, 5:03:29 PM] info: GET /ClientImages/download.png
[11/17/2025, 5:03:29 PM] info: Clients
[11/17/2025, 5:03:29 PM] info: Clients
[11/17/2025, 5:03:29 PM] info: map
[11/17/2025, 5:03:36 PM] info: GET /userdetails/Approval/4/VendorDetails
[11/17/2025, 5:03:36 PM] info: GET /vendordetails/getvendor/11/4
[11/17/2025, 5:03:36 PM] info: Companydetails
[11/17/2025, 5:03:36 PM] info: Userdetails
[11/17/2025, 5:03:38 PM] info: GET /userdetails/Approval/4/VendorPriceDetails
[11/17/2025, 5:03:38 PM] info: GET /Vendorpricedetails/getcustomer/11/4
[11/17/2025, 5:03:38 PM] info: GET /bookingdetails/getgenerel/11
[11/17/2025, 5:03:38 PM] info: GET /bookingdetails/pointofclear/11
[11/17/2025, 5:03:38 PM] info: GET /invoicedetails/getportofloading/11
[11/17/2025, 5:03:38 PM] info: GET /Vendorpricedetails/vendorpricegrid/11/4
[11/17/2025, 5:03:38 PM] info: generalType
[11/17/2025, 5:03:38 PM] info: generalType
[11/17/2025, 5:03:38 PM] info: GET /Vendorpricedetails/approvaldata/11/4
[11/17/2025, 5:03:38 PM] info: GET /Vendorpricedetails/imvendorpricegrid/11/4
[11/17/2025, 5:03:38 PM] info: Clients
[11/17/2025, 5:03:38 PM] info: GET /Vendorpricedetails/imapprovaldata/11/4
[11/17/2025, 5:03:38 PM] info: Vendorpricedetails
[11/17/2025, 5:03:38 PM] info: Vendorpricedetails
[11/17/2025, 5:03:38 PM] info: Vendorpricedetails
[11/17/2025, 5:03:38 PM] info: Vendorpricedetails
[11/17/2025, 5:03:38 PM] info: Clients
[11/17/2025, 5:03:38 PM] info: Userdetails
[11/17/2025, 5:03:52 PM] info: GET /userdetails/Approval/4/InvoiceDetails
[11/17/2025, 5:03:52 PM] info: GET /invoicedetails/invoicegrid/11/4
[11/17/2025, 5:03:52 PM] info: GET /invoicedetails/invoicegridcomplete/11/4
[11/17/2025, 5:03:53 PM] info: Userdetails
[11/17/2025, 5:03:53 PM] info: Invoice details fetched successfully
[11/17/2025, 5:03:54 PM] info: Invoice details fetched successfully
[11/17/2025, 5:04:03 PM] info: GET /userdetails/Approval/4/APInvoices
[11/17/2025, 5:04:03 PM] info: GET /Apinvoices/invoicegrid/11/4
[11/17/2025, 5:04:03 PM] info: Userdetails
[11/17/2025, 5:04:04 PM] info: Invoice details fetched successfully
[11/17/2025, 5:04:06 PM] info: GET /Apinvoices/getcharge/
[11/17/2025, 5:04:06 PM] info: Clients
[11/17/2025, 5:04:10 PM] info: GET /Apinvoices/getcompany/1
[11/17/2025, 5:04:10 PM] info: Clients
[11/17/2025, 5:04:12 PM] info: GET /Apinvoices/getbookingnumber/12/1
[11/17/2025, 5:04:12 PM] info: GET /Apinvoices/getstate/12
[11/17/2025, 5:04:12 PM] info: Clients
[11/17/2025, 5:04:12 PM] info: Clients
[11/17/2025, 5:04:14 PM] info: GET /Apinvoices/invoicegetcontainer/EXPSKYB0310/1
[11/17/2025, 5:04:15 PM] info: Clients
[11/17/2025, 5:04:17 PM] info: GET /Apinvoices/invoicegetcontainer/EXPSKYB0310/1
[11/17/2025, 5:04:17 PM] info: GET /Apinvoices/invoicegetcontainer/EXPSKYB0312/1
[11/17/2025, 5:04:17 PM] info: Clients
[11/17/2025, 5:04:17 PM] info: Clients
[11/17/2025, 5:04:19 PM] info: GET /Apinvoices/invoicegetcontainer/EXPSKYB0310/1
[11/17/2025, 5:04:19 PM] info: GET /Apinvoices/invoicegetcontainer/EXPSKYB0312/1
[11/17/2025, 5:04:19 PM] info: GET /Apinvoices/invoicegetcontainer/EXPSKYB0313/1
[11/17/2025, 5:04:20 PM] info: Clients
[11/17/2025, 5:04:20 PM] info: Clients
[11/17/2025, 5:04:20 PM] info: Clients
[11/17/2025, 5:04:32 PM] info: GET /userdetails/Approval/4/APInvoices
[11/17/2025, 5:04:32 PM] info: GET /Apinvoices/invoicegrid/11/4
[11/17/2025, 5:04:32 PM] info: Userdetails
[11/17/2025, 5:04:33 PM] info: Invoice details fetched successfully
[11/17/2025, 5:10:08 PM] info: GET /userdetails/Approval/4/InvoiceDetails
[11/17/2025, 5:10:08 PM] info: GET /invoicedetails/invoicegrid/11/4
[11/17/2025, 5:10:08 PM] info: GET /invoicedetails/invoicegridcomplete/11/4
[11/17/2025, 5:10:08 PM] info: Userdetails
[11/17/2025, 5:10:08 PM] info: Invoice details fetched successfully
[11/17/2025, 5:10:08 PM] info: Invoice details fetched successfully
